build/app/intermediates/manifest_merge_blame_file/release/manifest-merger-blame-release-report.txt
1<?xml version="1.0" encoding="utf-8"?>
2<manifest xmlns:android="http://schemas.android.com/apk/res/android"
3    package="com.example.chatapp"
4    android:versionCode="4001"
5    android:versionName="1.0.0" >
6
7    <uses-sdk
8        android:minSdkVersion="16"
8-->src/main/AndroidManifest.xml
9        android:targetSdkVersion="30" />
9-->src/main/AndroidManifest.xml
10
11    <uses-permission android:name="android.permission.INTERNET" />
11-->[:google_sign_in] AndroidManifest.xml:7:5-67
11-->[:google_sign_in] AndroidManifest.xml:7:22-64
12    <uses-permission android:name="android.permission.ACCESS_NETWORK_STATE" />
12-->[com.google.firebase:firebase-auth:21.0.1] AndroidManifest.xml:24:5-79
12-->[com.google.firebase:firebase-auth:21.0.1] AndroidManifest.xml:24:22-76
13    <uses-permission android:name="android.permission.WAKE_LOCK" />
13-->[com.google.android.gms:play-services-measurement-api:19.0.0] AndroidManifest.xml:24:5-68
13-->[com.google.android.gms:play-services-measurement-api:19.0.0] AndroidManifest.xml:24:22-65
14    <uses-permission android:name="com.google.android.finsky.permission.BIND_GET_INSTALL_REFERRER_SERVICE" />
14-->[com.google.android.gms:play-services-measurement:19.0.0] AndroidManifest.xml:26:5-110
14-->[com.google.android.gms:play-services-measurement:19.0.0] AndroidManifest.xml:26:22-107
15
16    <application
16-->src/main/AndroidManifest.xml:3:4-40:19
17        android:name="androidx.multidex.MultiDexApplication"
18        android:appComponentFactory="androidx.core.app.CoreComponentFactory"
18-->[androidx.core:core:1.1.0] AndroidManifest.xml:24:18-86
19        android:icon="@mipmap/ic_launcher"
19-->src/main/AndroidManifest.xml:5:9-43
20        android:label="chatapp" >
20-->src/main/AndroidManifest.xml:4:9-32
21        <activity
21-->src/main/AndroidManifest.xml:6:9-34:20
22            android:name="com.example.chatapp.MainActivity"
22-->src/main/AndroidManifest.xml:7:13-41
23            android:configChanges="orientation|keyboardHidden|keyboard|screenSize|smallestScreenSize|locale|layoutDirection|fontScale|screenLayout|density|uiMode"
23-->src/main/AndroidManifest.xml:10:13-163
24            android:hardwareAccelerated="true"
24-->src/main/AndroidManifest.xml:11:13-47
25            android:launchMode="singleTop"
25-->src/main/AndroidManifest.xml:8:13-43
26            android:theme="@style/LaunchTheme"
26-->src/main/AndroidManifest.xml:9:13-47
27            android:windowSoftInputMode="adjustResize" >
27-->src/main/AndroidManifest.xml:12:13-55
28
29            <!--
30                 Specifies an Android theme to apply to this Activity as soon as
31                 the Android process has started. This theme is visible to the user
32                 while the Flutter UI initializes. After that, this theme continues
33                 to determine the Window background behind the Flutter UI.
34            -->
35            <meta-data
35-->src/main/AndroidManifest.xml:17:13-20:17
36                android:name="io.flutter.embedding.android.NormalTheme"
36-->src/main/AndroidManifest.xml:18:15-70
37                android:resource="@style/NormalTheme" />
37-->src/main/AndroidManifest.xml:19:15-52
38            <!--
39                 Displays an Android View that continues showing the launch screen
40                 Drawable until Flutter paints its first frame, then this splash
41                 screen fades out. A splash screen is useful to avoid any visual
42                 gap between the end of Android's launch screen and the painting of
43                 Flutter's first frame.
44            -->
45            <meta-data
45-->src/main/AndroidManifest.xml:26:13-29:17
46                android:name="io.flutter.embedding.android.SplashScreenDrawable"
46-->src/main/AndroidManifest.xml:27:15-79
47                android:resource="@drawable/launch_background" />
47-->src/main/AndroidManifest.xml:28:15-61
48
49            <intent-filter>
49-->src/main/AndroidManifest.xml:30:13-33:29
50                <action android:name="android.intent.action.MAIN" />
50-->src/main/AndroidManifest.xml:31:17-68
50-->src/main/AndroidManifest.xml:31:25-66
51
52                <category android:name="android.intent.category.LAUNCHER" />
52-->src/main/AndroidManifest.xml:32:17-76
52-->src/main/AndroidManifest.xml:32:27-74
53            </intent-filter>
54        </activity>
55        <!--
56             Don't delete the meta-data below.
57             This is used by the Flutter tool to generate GeneratedPluginRegistrant.java
58        -->
59        <meta-data
59-->src/main/AndroidManifest.xml:37:9-39:33
60            android:name="flutterEmbedding"
60-->src/main/AndroidManifest.xml:38:13-44
61            android:value="2" />
61-->src/main/AndroidManifest.xml:39:13-30
62
63        <service
63-->[:firebase_auth] AndroidManifest.xml:8:9-12:19
64            android:name="com.google.firebase.components.ComponentDiscoveryService"
64-->[:firebase_auth] AndroidManifest.xml:8:18-89
65            android:directBootAware="true"
65-->[com.google.firebase:firebase-common:20.0.0] AndroidManifest.xml:35:13-43
66            android:exported="false" >
66-->[com.google.firebase:firebase-auth:21.0.1] AndroidManifest.xml:76:13-37
67            <meta-data
67-->[:firebase_auth] AndroidManifest.xml:9:13-11:85
68                android:name="com.google.firebase.components:io.flutter.plugins.firebase.auth.FlutterFirebaseAuthRegistrar"
68-->[:firebase_auth] AndroidManifest.xml:10:17-124
69                android:value="com.google.firebase.components.ComponentRegistrar" />
69-->[:firebase_auth] AndroidManifest.xml:11:17-82
70            <meta-data
70-->[:cloud_firestore] AndroidManifest.xml:9:13-11:85
71                android:name="com.google.firebase.components:io.flutter.plugins.firebase.firestore.FlutterFirebaseFirestoreRegistrar"
71-->[:cloud_firestore] AndroidManifest.xml:10:17-134
72                android:value="com.google.firebase.components.ComponentRegistrar" />
72-->[:cloud_firestore] AndroidManifest.xml:11:17-82
73            <meta-data
73-->[:firebase_core] AndroidManifest.xml:9:13-11:85
74                android:name="com.google.firebase.components:io.flutter.plugins.firebase.core.FlutterFirebaseCoreRegistrar"
74-->[:firebase_core] AndroidManifest.xml:10:17-124
75                android:value="com.google.firebase.components.ComponentRegistrar" />
75-->[:firebase_core] AndroidManifest.xml:11:17-82
76            <meta-data
76-->[com.google.firebase:firebase-auth:21.0.1] AndroidManifest.xml:77:13-79:85
77                android:name="com.google.firebase.components:com.google.firebase.auth.FirebaseAuthRegistrar"
77-->[com.google.firebase:firebase-auth:21.0.1] AndroidManifest.xml:78:17-109
78                android:value="com.google.firebase.components.ComponentRegistrar" />
78-->[com.google.firebase:firebase-auth:21.0.1] AndroidManifest.xml:79:17-82
79            <meta-data
79-->[com.google.firebase:firebase-firestore:23.0.1] AndroidManifest.xml:20:13-22:85
80                android:name="com.google.firebase.components:com.google.firebase.firestore.FirestoreRegistrar"
80-->[com.google.firebase:firebase-firestore:23.0.1] AndroidManifest.xml:21:17-111
81                android:value="com.google.firebase.components.ComponentRegistrar" />
81-->[com.google.firebase:firebase-firestore:23.0.1] AndroidManifest.xml:22:17-82
82            <meta-data
82-->[com.google.android.gms:play-services-measurement-api:19.0.0] AndroidManifest.xml:30:13-32:85
83                android:name="com.google.firebase.components:com.google.firebase.analytics.connector.internal.AnalyticsConnectorRegistrar"
83-->[com.google.android.gms:play-services-measurement-api:19.0.0] AndroidManifest.xml:31:17-139
84                android:value="com.google.firebase.components.ComponentRegistrar" />
84-->[com.google.android.gms:play-services-measurement-api:19.0.0] AndroidManifest.xml:32:17-82
85            <meta-data
85-->[com.google.firebase:firebase-installations:17.0.0] AndroidManifest.xml:18:13-20:85
86                android:name="com.google.firebase.components:com.google.firebase.installations.FirebaseInstallationsRegistrar"
86-->[com.google.firebase:firebase-installations:17.0.0] AndroidManifest.xml:19:17-127
87                android:value="com.google.firebase.components.ComponentRegistrar" />
87-->[com.google.firebase:firebase-installations:17.0.0] AndroidManifest.xml:20:17-82
88        </service>
89
90        <activity
90-->[com.google.firebase:firebase-auth:21.0.1] AndroidManifest.xml:27:9-44:20
91            android:name="com.google.firebase.auth.internal.GenericIdpActivity"
91-->[com.google.firebase:firebase-auth:21.0.1] AndroidManifest.xml:28:13-80
92            android:excludeFromRecents="true"
92-->[com.google.firebase:firebase-auth:21.0.1] AndroidManifest.xml:29:13-46
93            android:exported="true"
93-->[com.google.firebase:firebase-auth:21.0.1] AndroidManifest.xml:30:13-36
94            android:launchMode="singleTask"
94-->[com.google.firebase:firebase-auth:21.0.1] AndroidManifest.xml:31:13-44
95            android:theme="@android:style/Theme.Translucent.NoTitleBar" >
95-->[com.google.firebase:firebase-auth:21.0.1] AndroidManifest.xml:32:13-72
96            <intent-filter>
96-->[com.google.firebase:firebase-auth:21.0.1] AndroidManifest.xml:33:13-43:29
97                <action android:name="android.intent.action.VIEW" />
97-->[com.google.firebase:firebase-auth:21.0.1] AndroidManifest.xml:34:17-69
97-->[com.google.firebase:firebase-auth:21.0.1] AndroidManifest.xml:34:25-66
98
99                <category android:name="android.intent.category.DEFAULT" />
99-->[com.google.firebase:firebase-auth:21.0.1] AndroidManifest.xml:36:17-76
99-->[com.google.firebase:firebase-auth:21.0.1] AndroidManifest.xml:36:27-73
100                <category android:name="android.intent.category.BROWSABLE" />
100-->[com.google.firebase:firebase-auth:21.0.1] AndroidManifest.xml:37:17-78
100-->[com.google.firebase:firebase-auth:21.0.1] AndroidManifest.xml:37:27-75
101
102                <data
102-->[com.google.firebase:firebase-auth:21.0.1] AndroidManifest.xml:39:17-42:51
103                    android:host="firebase.auth"
103-->[com.google.firebase:firebase-auth:21.0.1] AndroidManifest.xml:40:21-49
104                    android:path="/"
104-->[com.google.firebase:firebase-auth:21.0.1] AndroidManifest.xml:41:21-37
105                    android:scheme="genericidp" />
105-->[com.google.firebase:firebase-auth:21.0.1] AndroidManifest.xml:42:21-48
106            </intent-filter>
107        </activity>
108        <activity
108-->[com.google.firebase:firebase-auth:21.0.1] AndroidManifest.xml:45:9-62:20
109            android:name="com.google.firebase.auth.internal.RecaptchaActivity"
109-->[com.google.firebase:firebase-auth:21.0.1] AndroidManifest.xml:46:13-79
110            android:excludeFromRecents="true"
110-->[com.google.firebase:firebase-auth:21.0.1] AndroidManifest.xml:47:13-46
111            android:exported="true"
111-->[com.google.firebase:firebase-auth:21.0.1] AndroidManifest.xml:48:13-36
112            android:launchMode="singleTask"
112-->[com.google.firebase:firebase-auth:21.0.1] AndroidManifest.xml:49:13-44
113            android:theme="@android:style/Theme.Translucent.NoTitleBar" >
113-->[com.google.firebase:firebase-auth:21.0.1] AndroidManifest.xml:50:13-72
114            <intent-filter>
114-->[com.google.firebase:firebase-auth:21.0.1] AndroidManifest.xml:51:13-61:29
115                <action android:name="android.intent.action.VIEW" />
115-->[com.google.firebase:firebase-auth:21.0.1] AndroidManifest.xml:34:17-69
115-->[com.google.firebase:firebase-auth:21.0.1] AndroidManifest.xml:34:25-66
116
117                <category android:name="android.intent.category.DEFAULT" />
117-->[com.google.firebase:firebase-auth:21.0.1] AndroidManifest.xml:36:17-76
117-->[com.google.firebase:firebase-auth:21.0.1] AndroidManifest.xml:36:27-73
118                <category android:name="android.intent.category.BROWSABLE" />
118-->[com.google.firebase:firebase-auth:21.0.1] AndroidManifest.xml:37:17-78
118-->[com.google.firebase:firebase-auth:21.0.1] AndroidManifest.xml:37:27-75
119
120                <data
120-->[com.google.firebase:firebase-auth:21.0.1] AndroidManifest.xml:39:17-42:51
121                    android:host="firebase.auth"
121-->[com.google.firebase:firebase-auth:21.0.1] AndroidManifest.xml:40:21-49
122                    android:path="/"
122-->[com.google.firebase:firebase-auth:21.0.1] AndroidManifest.xml:41:21-37
123                    android:scheme="recaptcha" />
123-->[com.google.firebase:firebase-auth:21.0.1] AndroidManifest.xml:42:21-48
124            </intent-filter>
125        </activity>
126
127        <service
127-->[com.google.firebase:firebase-auth:21.0.1] AndroidManifest.xml:64:9-73:19
128            android:name="com.google.firebase.auth.api.fallback.service.FirebaseAuthFallbackService"
128-->[com.google.firebase:firebase-auth:21.0.1] AndroidManifest.xml:65:13-101
129            android:enabled="true"
129-->[com.google.firebase:firebase-auth:21.0.1] AndroidManifest.xml:66:13-35
130            android:exported="false" >
130-->[com.google.firebase:firebase-auth:21.0.1] AndroidManifest.xml:67:13-37
131            <intent-filter>
131-->[com.google.firebase:firebase-auth:21.0.1] AndroidManifest.xml:68:13-72:29
132                <action android:name="com.google.firebase.auth.api.gms.service.START" />
132-->[com.google.firebase:firebase-auth:21.0.1] AndroidManifest.xml:69:17-89
132-->[com.google.firebase:firebase-auth:21.0.1] AndroidManifest.xml:69:25-86
133
134                <category android:name="android.intent.category.DEFAULT" />
134-->[com.google.firebase:firebase-auth:21.0.1] AndroidManifest.xml:36:17-76
134-->[com.google.firebase:firebase-auth:21.0.1] AndroidManifest.xml:36:27-73
135            </intent-filter>
136        </service>
137
138        <provider
138-->[com.google.firebase:firebase-common:20.0.0] AndroidManifest.xml:26:9-31:39
139            android:name="com.google.firebase.provider.FirebaseInitProvider"
139-->[com.google.firebase:firebase-common:20.0.0] AndroidManifest.xml:27:13-77
140            android:authorities="com.example.chatapp.firebaseinitprovider"
140-->[com.google.firebase:firebase-common:20.0.0] AndroidManifest.xml:28:13-72
141            android:directBootAware="true"
141-->[com.google.firebase:firebase-common:20.0.0] AndroidManifest.xml:29:13-43
142            android:exported="false"
142-->[com.google.firebase:firebase-common:20.0.0] AndroidManifest.xml:30:13-37
143            android:initOrder="100" />
143-->[com.google.firebase:firebase-common:20.0.0] AndroidManifest.xml:31:13-36
144
145        <activity
145-->[com.google.android.gms:play-services-auth:16.0.1] AndroidManifest.xml:23:9-27:75
146            android:name="com.google.android.gms.auth.api.signin.internal.SignInHubActivity"
146-->[com.google.android.gms:play-services-auth:16.0.1] AndroidManifest.xml:24:13-93
147            android:excludeFromRecents="true"
147-->[com.google.android.gms:play-services-auth:16.0.1] AndroidManifest.xml:25:13-46
148            android:exported="false"
148-->[com.google.android.gms:play-services-auth:16.0.1] AndroidManifest.xml:26:13-37
149            android:theme="@android:style/Theme.Translucent.NoTitleBar" />
149-->[com.google.android.gms:play-services-auth:16.0.1] AndroidManifest.xml:27:13-72
150        <!--
151            Service handling Google Sign-In user revocation. For apps that do not integrate with
152            Google Sign-In, this service will never be started.
153        -->
154        <service
154-->[com.google.android.gms:play-services-auth:16.0.1] AndroidManifest.xml:33:9-36:110
155            android:name="com.google.android.gms.auth.api.signin.RevocationBoundService"
155-->[com.google.android.gms:play-services-auth:16.0.1] AndroidManifest.xml:34:13-89
156            android:exported="true"
156-->[com.google.android.gms:play-services-auth:16.0.1] AndroidManifest.xml:35:13-36
157            android:permission="com.google.android.gms.auth.api.signin.permission.REVOCATION_NOTIFICATION" />
157-->[com.google.android.gms:play-services-auth:16.0.1] AndroidManifest.xml:36:13-107
158
159        <activity
159-->[com.google.android.gms:play-services-base:17.1.0] AndroidManifest.xml:23:9-26:75
160            android:name="com.google.android.gms.common.api.GoogleApiActivity"
160-->[com.google.android.gms:play-services-base:17.1.0] AndroidManifest.xml:24:13-79
161            android:exported="false"
161-->[com.google.android.gms:play-services-base:17.1.0] AndroidManifest.xml:25:13-37
162            android:theme="@android:style/Theme.Translucent.NoTitleBar" />
162-->[com.google.android.gms:play-services-base:17.1.0] AndroidManifest.xml:26:13-72
163
164        <receiver
164-->[com.google.android.gms:play-services-measurement:19.0.0] AndroidManifest.xml:29:9-33:20
165            android:name="com.google.android.gms.measurement.AppMeasurementReceiver"
165-->[com.google.android.gms:play-services-measurement:19.0.0] AndroidManifest.xml:30:13-85
166            android:enabled="true"
166-->[com.google.android.gms:play-services-measurement:19.0.0] AndroidManifest.xml:31:13-35
167            android:exported="false" >
167-->[com.google.android.gms:play-services-measurement:19.0.0] AndroidManifest.xml:32:13-37
168        </receiver>
169
170        <service
170-->[com.google.android.gms:play-services-measurement:19.0.0] AndroidManifest.xml:35:9-38:40
171            android:name="com.google.android.gms.measurement.AppMeasurementService"
171-->[com.google.android.gms:play-services-measurement:19.0.0] AndroidManifest.xml:36:13-84
172            android:enabled="true"
172-->[com.google.android.gms:play-services-measurement:19.0.0] AndroidManifest.xml:37:13-35
173            android:exported="false" />
173-->[com.google.android.gms:play-services-measurement:19.0.0] AndroidManifest.xml:38:13-37
174        <service
174-->[com.google.android.gms:play-services-measurement:19.0.0] AndroidManifest.xml:39:9-43:72
175            android:name="com.google.android.gms.measurement.AppMeasurementJobService"
175-->[com.google.android.gms:play-services-measurement:19.0.0] AndroidManifest.xml:40:13-87
176            android:enabled="true"
176-->[com.google.android.gms:play-services-measurement:19.0.0] AndroidManifest.xml:41:13-35
177            android:exported="false"
177-->[com.google.android.gms:play-services-measurement:19.0.0] AndroidManifest.xml:42:13-37
178            android:permission="android.permission.BIND_JOB_SERVICE" />
178-->[com.google.android.gms:play-services-measurement:19.0.0] AndroidManifest.xml:43:13-69
179
180        <meta-data
180-->[com.google.android.gms:play-services-basement:17.1.0] AndroidManifest.xml:23:9-25:69
181            android:name="com.google.android.gms.version"
181-->[com.google.android.gms:play-services-basement:17.1.0] AndroidManifest.xml:24:13-58
182            android:value="@integer/google_play_services_version" />
182-->[com.google.android.gms:play-services-basement:17.1.0] AndroidManifest.xml:25:13-66
183    </application>
184
185</manifest>